2026-04-26 01:23:34,833 [HUGESUCCESS] saudit.scanner scanner.py:1206 Starting scan localhost_20260426_012325
2026-04-26 01:23:50,198 [INFO] saudit.scanner scanner.py:1191 localhost_20260426_012325: Modules running (incoming:processing:outgoing) cloudcheck(14:1:0), dnsresolve(0:0:14), jsfuzzer(9:1:0), httpx(1:1:0), swagger_probe(1:1:0), api_probe(0:1:0), excavate(0:0:1), speculate(0:0:1)
2026-04-26 01:23:50,198 [INFO] saudit.scanner scanner.py:1191 localhost_20260426_012325: Events produced so far: HTTP_RESPONSE: 10, URL: 8, DNS_NAME: 3, FINDING: 3, SCAN: 1, URL_UNVERIFIED: 1, OPEN_TCP_PORT: 1
2026-04-26 01:23:50,198 [INFO] saudit.scanner scanner.py:1191 localhost_20260426_012325: 1 events in queue (621 processed in the past 15 seconds)
2026-04-26 01:24:05,199 [INFO] saudit.scanner scanner.py:1191 localhost_20260426_012325: Modules running (incoming:processing:outgoing) api_probe(52:1:0), swagger_probe(12:1:0), bypass403(9:1:0), badsecrets(0:1:0)
2026-04-26 01:24:05,199 [INFO] saudit.scanner scanner.py:1191 localhost_20260426_012325: Events produced so far: FINDING: 57, HTTP_RESPONSE: 21, URL: 20, DNS_NAME: 3, SCAN: 1, URL_UNVERIFIED: 1, OPEN_TCP_PORT: 1, TECHNOLOGY: 1
2026-04-26 01:24:05,200 [INFO] saudit.scanner scanner.py:1191 localhost_20260426_012325: No events in queue (766 processed in the past 15 seconds)
2026-04-26 01:24:16,578 [INFO] saudit.modules.swagger_probe base.py:1611 Found embedded OpenAPI spec in http://localhost:3000/api-docs/swagger-ui-init.js
2026-04-26 01:24:16,580 [INFO] saudit.modules.swagger_probe base.py:1611 Emitted 1 endpoints from NextGen B2B API spec
2026-04-26 01:24:20,201 [INFO] saudit.scanner scanner.py:1191 localhost_20260426_012325: Modules running (incoming:processing:outgoing) api_probe(50:1:0), bypass403(9:1:0), badsecrets(0:1:0)
2026-04-26 01:24:20,201 [INFO] saudit.scanner scanner.py:1191 localhost_20260426_012325: Events produced so far: FINDING: 60, HTTP_RESPONSE: 21, URL: 20, DNS_NAME: 3, TECHNOLOGY: 2, SCAN: 1, URL_UNVERIFIED: 1, OPEN_TCP_PORT: 1
2026-04-26 01:24:20,201 [INFO] saudit.scanner scanner.py:1191 localhost_20260426_012325: No events in queue (38 processed in the past 15 seconds)
2026-04-26 01:24:35,202 [INFO] saudit.scanner scanner.py:1191 localhost_20260426_012325: Modules running (incoming:processing:outgoing) api_probe(50:1:0), bypass403(9:1:0), badsecrets(0:1:0)
2026-04-26 01:24:35,202 [INFO] saudit.scanner scanner.py:1191 localhost_20260426_012325: Events produced so far: FINDING: 62, HTTP_RESPONSE: 21, URL: 20, DNS_NAME: 3, TECHNOLOGY: 2, SCAN: 1, URL_UNVERIFIED: 1, OPEN_TCP_PORT: 1
2026-04-26 01:24:35,202 [INFO] saudit.scanner scanner.py:1191 localhost_20260426_012325: No events in queue (18 processed in the past 15 seconds)
2026-04-26 01:24:50,204 [INFO] saudit.scanner scanner.py:1191 localhost_20260426_012325: Modules running (incoming:processing:outgoing) api_probe(44:1:0), bypass403(7:1:0)
2026-04-26 01:24:50,204 [INFO] saudit.scanner scanner.py:1191 localhost_20260426_012325: Events produced so far: FINDING: 63, HTTP_RESPONSE: 21, URL: 20, DNS_NAME: 3, TECHNOLOGY: 2, SCAN: 1, URL_UNVERIFIED: 1, OPEN_TCP_PORT: 1
2026-04-26 01:24:50,204 [INFO] saudit.scanner scanner.py:1191 localhost_20260426_012325: No events in queue (13 processed in the past 15 seconds)
2026-04-26 01:25:05,205 [INFO] saudit.scanner scanner.py:1191 localhost_20260426_012325: Modules running (incoming:processing:outgoing) api_probe(37:1:0), bypass403(7:1:0)
2026-04-26 01:25:05,205 [INFO] saudit.scanner scanner.py:1191 localhost_20260426_012325: Events produced so far: FINDING: 64, HTTP_RESPONSE: 21, URL: 20, DNS_NAME: 3, TECHNOLOGY: 2, SCAN: 1, URL_UNVERIFIED: 1, OPEN_TCP_PORT: 1
2026-04-26 01:25:05,205 [INFO] saudit.scanner scanner.py:1191 localhost_20260426_012325: No events in queue (10 processed in the past 15 seconds)
2026-04-26 01:25:20,207 [INFO] saudit.scanner scanner.py:1191 localhost_20260426_012325: Modules running (incoming:processing:outgoing) api_probe(32:1:0), bypass403(7:1:0)
2026-04-26 01:25:20,208 [INFO] saudit.scanner scanner.py:1191 localhost_20260426_012325: Events produced so far: FINDING: 64, HTTP_RESPONSE: 21, URL: 20, DNS_NAME: 3, TECHNOLOGY: 2, SCAN: 1, URL_UNVERIFIED: 1, OPEN_TCP_PORT: 1
2026-04-26 01:25:20,208 [INFO] saudit.scanner scanner.py:1191 localhost_20260426_012325: No events in queue (2 processed in the past 15 seconds)
2026-04-26 01:25:35,209 [INFO] saudit.scanner scanner.py:1191 localhost_20260426_012325: Modules running (incoming:processing:outgoing) api_probe(27:1:0), bypass403(6:1:0)
2026-04-26 01:25:35,209 [INFO] saudit.scanner scanner.py:1191 localhost_20260426_012325: Events produced so far: FINDING: 66, HTTP_RESPONSE: 21, URL: 20, DNS_NAME: 3, TECHNOLOGY: 2, SCAN: 1, URL_UNVERIFIED: 1, OPEN_TCP_PORT: 1
2026-04-26 01:25:35,210 [INFO] saudit.scanner scanner.py:1191 localhost_20260426_012325: No events in queue (21 processed in the past 15 seconds)
2026-04-26 01:25:50,211 [INFO] saudit.scanner scanner.py:1191 localhost_20260426_012325: Modules running (incoming:processing:outgoing) api_probe(26:1:0), bypass403(6:1:0)
2026-04-26 01:25:50,212 [INFO] saudit.scanner scanner.py:1191 localhost_20260426_012325: Events produced so far: FINDING: 67, HTTP_RESPONSE: 21, URL: 20, DNS_NAME: 3, TECHNOLOGY: 2, SCAN: 1, URL_UNVERIFIED: 1, OPEN_TCP_PORT: 1
2026-04-26 01:25:50,212 [INFO] saudit.scanner scanner.py:1191 localhost_20260426_012325: No events in queue (10 processed in the past 15 seconds)
2026-04-26 01:26:05,214 [INFO] saudit.scanner scanner.py:1191 localhost_20260426_012325: Modules running (incoming:processing:outgoing) api_probe(15:1:0), bypass403(6:1:0)
2026-04-26 01:26:05,214 [INFO] saudit.scanner scanner.py:1191 localhost_20260426_012325: Events produced so far: FINDING: 67, HTTP_RESPONSE: 21, URL: 20, DNS_NAME: 3, TECHNOLOGY: 2, SCAN: 1, URL_UNVERIFIED: 1, OPEN_TCP_PORT: 1
2026-04-26 01:26:05,214 [INFO] saudit.scanner scanner.py:1191 localhost_20260426_012325: No events in queue (2 processed in the past 15 seconds)
2026-04-26 01:26:20,216 [INFO] saudit.scanner scanner.py:1191 localhost_20260426_012325: Modules running (incoming:processing:outgoing) api_probe(16:1:0), bypass403(4:1:0)
2026-04-26 01:26:20,217 [INFO] saudit.scanner scanner.py:1191 localhost_20260426_012325: Events produced so far: FINDING: 70, HTTP_RESPONSE: 21, URL: 20, DNS_NAME: 3, TECHNOLOGY: 2, SCAN: 1, URL_UNVERIFIED: 1, OPEN_TCP_PORT: 1
2026-04-26 01:26:20,217 [INFO] saudit.scanner scanner.py:1191 localhost_20260426_012325: No events in queue (27 processed in the past 15 seconds)
2026-04-26 01:26:35,219 [INFO] saudit.scanner scanner.py:1191 localhost_20260426_012325: Modules running (incoming:processing:outgoing) api_probe(12:1:0), bypass403(4:1:0)
2026-04-26 01:26:35,219 [INFO] saudit.scanner scanner.py:1191 localhost_20260426_012325: Events produced so far: FINDING: 71, HTTP_RESPONSE: 21, URL: 20, DNS_NAME: 3, TECHNOLOGY: 2, SCAN: 1, URL_UNVERIFIED: 1, OPEN_TCP_PORT: 1
2026-04-26 01:26:35,219 [INFO] saudit.scanner scanner.py:1191 localhost_20260426_012325: No events in queue (11 processed in the past 15 seconds)
2026-04-26 01:26:50,221 [INFO] saudit.scanner scanner.py:1191 localhost_20260426_012325: Modules running (incoming:processing:outgoing) api_probe(10:1:0), bypass403(4:1:0)
2026-04-26 01:26:50,222 [INFO] saudit.scanner scanner.py:1191 localhost_20260426_012325: Events produced so far: FINDING: 73, HTTP_RESPONSE: 21, URL: 20, DNS_NAME: 3, TECHNOLOGY: 2, SCAN: 1, URL_UNVERIFIED: 1, OPEN_TCP_PORT: 1
2026-04-26 01:26:50,222 [INFO] saudit.scanner scanner.py:1191 localhost_20260426_012325: No events in queue (19 processed in the past 15 seconds)
2026-04-26 01:27:05,223 [INFO] saudit.scanner scanner.py:1191 localhost_20260426_012325: Modules running (incoming:processing:outgoing) api_probe(7:1:0), bypass403(1:1:0)
2026-04-26 01:27:05,223 [INFO] saudit.scanner scanner.py:1191 localhost_20260426_012325: Events produced so far: FINDING: 76, HTTP_RESPONSE: 21, URL: 20, DNS_NAME: 3, TECHNOLOGY: 2, SCAN: 1, URL_UNVERIFIED: 1, OPEN_TCP_PORT: 1
2026-04-26 01:27:05,224 [INFO] saudit.scanner scanner.py:1191 localhost_20260426_012325: No events in queue (27 processed in the past 15 seconds)
2026-04-26 01:27:20,226 [INFO] saudit.scanner scanner.py:1191 localhost_20260426_012325: Modules running (incoming:processing:outgoing) bypass403(1:1:0)
2026-04-26 01:27:20,226 [INFO] saudit.scanner scanner.py:1191 localhost_20260426_012325: Events produced so far: FINDING: 78, HTTP_RESPONSE: 21, URL: 20, DNS_NAME: 3, TECHNOLOGY: 2, SCAN: 1, URL_UNVERIFIED: 1, OPEN_TCP_PORT: 1
2026-04-26 01:27:20,226 [INFO] saudit.scanner scanner.py:1191 localhost_20260426_012325: No events in queue (17 processed in the past 15 seconds)
2026-04-26 01:27:35,228 [INFO] saudit.scanner scanner.py:1191 localhost_20260426_012325: Modules running (incoming:processing:outgoing) bypass403(1:1:0)
2026-04-26 01:27:35,228 [INFO] saudit.scanner scanner.py:1191 localhost_20260426_012325: Events produced so far: FINDING: 78, HTTP_RESPONSE: 21, URL: 20, DNS_NAME: 3, TECHNOLOGY: 2, SCAN: 1, URL_UNVERIFIED: 1, OPEN_TCP_PORT: 1
2026-04-26 01:27:35,228 [INFO] saudit.scanner scanner.py:1191 localhost_20260426_012325: No events in queue (0 processed in the past 15 seconds)
2026-04-26 01:27:50,229 [INFO] saudit.scanner scanner.py:1191 localhost_20260426_012325: Modules running (incoming:processing:outgoing) bypass403(0:1:0)
2026-04-26 01:27:50,230 [INFO] saudit.scanner scanner.py:1191 localhost_20260426_012325: Events produced so far: FINDING: 79, HTTP_RESPONSE: 21, URL: 20, DNS_NAME: 3, TECHNOLOGY: 2, SCAN: 1, URL_UNVERIFIED: 1, OPEN_TCP_PORT: 1
2026-04-26 01:27:50,230 [INFO] saudit.scanner scanner.py:1191 localhost_20260426_012325: No events in queue (9 processed in the past 15 seconds)
2026-04-26 01:28:05,231 [INFO] saudit.scanner scanner.py:1191 localhost_20260426_012325: Modules running (incoming:processing:outgoing) bypass403(0:1:0)
2026-04-26 01:28:05,232 [INFO] saudit.scanner scanner.py:1191 localhost_20260426_012325: Events produced so far: FINDING: 79, HTTP_RESPONSE: 21, URL: 20, DNS_NAME: 3, TECHNOLOGY: 2, SCAN: 1, URL_UNVERIFIED: 1, OPEN_TCP_PORT: 1
2026-04-26 01:28:05,232 [INFO] saudit.scanner scanner.py:1191 localhost_20260426_012325: No events in queue (0 processed in the past 15 seconds)
2026-04-26 01:28:20,234 [INFO] saudit.scanner scanner.py:1191 localhost_20260426_012325: Modules running (incoming:processing:outgoing) bypass403(0:1:0)
2026-04-26 01:28:20,234 [INFO] saudit.scanner scanner.py:1191 localhost_20260426_012325: Events produced so far: FINDING: 79, HTTP_RESPONSE: 21, URL: 20, DNS_NAME: 3, TECHNOLOGY: 2, SCAN: 1, URL_UNVERIFIED: 1, OPEN_TCP_PORT: 1
2026-04-26 01:28:20,234 [INFO] saudit.scanner scanner.py:1191 localhost_20260426_012325: No events in queue (0 processed in the past 15 seconds)
2026-04-26 01:28:28,518 [INFO] saudit.scanner scanner.py:790 Finishing scan
2026-04-26 01:28:28,916 [INFO] saudit.modules.aggregate base.py:1611 +---------------+-------------------------------+------------------------------------------+
2026-04-26 01:28:28,916 [INFO] saudit.modules.aggregate base.py:1611 | Module        | Produced                      | Consumed                                 |
2026-04-26 01:28:28,916 [INFO] saudit.modules.aggregate base.py:1611 +===============+===============================+==========================================+
2026-04-26 01:28:28,916 [INFO] saudit.modules.aggregate base.py:1611 | jsfuzzer      | 57 (56 FINDING, 1 TECHNOLOGY) | 8 (8 URL)                                |
2026-04-26 01:28:28,916 [INFO] saudit.modules.aggregate base.py:1611 +---------------+-------------------------------+------------------------------------------+
2026-04-26 01:28:28,916 [INFO] saudit.modules.aggregate base.py:1611 | httpx         | 41 (21 HTTP_RESPONSE, 20 URL) | 23 (2 OPEN_TCP_PORT, 21 URL_UNVERIFIED)  |
2026-04-26 01:28:28,916 [INFO] saudit.modules.aggregate base.py:1611 +---------------+-------------------------------+------------------------------------------+
2026-04-26 01:28:28,916 [INFO] saudit.modules.aggregate base.py:1611 | api_probe     | 17 (17 FINDING)               | 36 (36 FINDING)                          |
2026-04-26 01:28:28,916 [INFO] saudit.modules.aggregate base.py:1611 +---------------+-------------------------------+------------------------------------------+
2026-04-26 01:28:28,916 [INFO] saudit.modules.aggregate base.py:1611 | bypass403     | 6 (6 FINDING)                 | 6 (6 URL)                                |
2026-04-26 01:28:28,916 [INFO] saudit.modules.aggregate base.py:1611 +---------------+-------------------------------+------------------------------------------+
2026-04-26 01:28:28,916 [INFO] saudit.modules.aggregate base.py:1611 | host          | 2 (2 DNS_NAME)                | 0                                        |
2026-04-26 01:28:28,916 [INFO] saudit.modules.aggregate base.py:1611 +---------------+-------------------------------+------------------------------------------+
2026-04-26 01:28:28,916 [INFO] saudit.modules.aggregate base.py:1611 | swagger_probe | 2 (1 FINDING, 1 TECHNOLOGY)   | 3 (3 URL)                                |
2026-04-26 01:28:28,916 [INFO] saudit.modules.aggregate base.py:1611 +---------------+-------------------------------+------------------------------------------+
2026-04-26 01:28:28,916 [INFO] saudit.modules.aggregate base.py:1611 | speculate     | 1 (1 OPEN_TCP_PORT)           | 86 (1 DNS_NAME, 21 HTTP_RESPONSE, 13     |
2026-04-26 01:28:28,916 [INFO] saudit.modules.aggregate base.py:1611 |               |                               | URL, 51 URL_UNVERIFIED)                  |
2026-04-26 01:28:28,917 [INFO] saudit.modules.aggregate base.py:1611 +---------------+-------------------------------+------------------------------------------+
2026-04-26 01:28:28,917 [INFO] saudit.modules.aggregate base.py:1611 | excavate      | 1 (1 DNS_NAME)                | 21 (21 HTTP_RESPONSE)                    |
2026-04-26 01:28:28,917 [INFO] saudit.modules.aggregate base.py:1611 +---------------+-------------------------------+------------------------------------------+
2026-04-26 01:28:28,917 [INFO] saudit.modules.aggregate base.py:1611 | dnsresolve    | 0                             | 204 (3 DNS_NAME, 1 EMAIL_ADDRESS, 81     |
2026-04-26 01:28:28,917 [INFO] saudit.modules.aggregate base.py:1611 |               |                               | FINDING, 21 HTTP_RESPONSE, 4             |
2026-04-26 01:28:28,917 [INFO] saudit.modules.aggregate base.py:1611 |               |                               | OPEN_TCP_PORT, 1 PROTOCOL, 2 TECHNOLOGY, |
2026-04-26 01:28:28,917 [INFO] saudit.modules.aggregate base.py:1611 |               |                               | 28 URL, 63 URL_UNVERIFIED)               |
2026-04-26 01:28:28,917 [INFO] saudit.modules.aggregate base.py:1611 +---------------+-------------------------------+------------------------------------------+
2026-04-26 01:28:28,917 [INFO] saudit.modules.aggregate base.py:1611 | cloudcheck    | 0                             | 204 (3 DNS_NAME, 1 EMAIL_ADDRESS, 81     |
2026-04-26 01:28:28,917 [INFO] saudit.modules.aggregate base.py:1611 |               |                               | FINDING, 21 HTTP_RESPONSE, 4             |
2026-04-26 01:28:28,917 [INFO] saudit.modules.aggregate base.py:1611 |               |                               | OPEN_TCP_PORT, 1 PROTOCOL, 2 TECHNOLOGY, |
2026-04-26 01:28:28,917 [INFO] saudit.modules.aggregate base.py:1611 |               |                               | 28 URL, 63 URL_UNVERIFIED)               |
2026-04-26 01:28:28,917 [INFO] saudit.modules.aggregate base.py:1611 +---------------+-------------------------------+------------------------------------------+
2026-04-26 01:28:28,917 [INFO] saudit.modules.aggregate base.py:1611 | securitytxt   | 0                             | 1 (1 DNS_NAME)                           |
2026-04-26 01:28:28,917 [INFO] saudit.modules.aggregate base.py:1611 +---------------+-------------------------------+------------------------------------------+
2026-04-26 01:28:28,917 [INFO] saudit.modules.aggregate base.py:1611 | robots        | 0                             | 1 (1 URL)                                |
2026-04-26 01:28:28,917 [INFO] saudit.modules.aggregate base.py:1611 +---------------+-------------------------------+------------------------------------------+
2026-04-26 01:28:28,917 [INFO] saudit.modules.aggregate base.py:1611 | badsecrets    | 0                             | 21 (21 HTTP_RESPONSE)                    |
2026-04-26 01:28:28,917 [INFO] saudit.modules.aggregate base.py:1611 +---------------+-------------------------------+------------------------------------------+
2026-04-26 01:28:28,918 [INFO] saudit.modules.output.json base.py:1611 Saved JSON output to /Users/matias/Proyectos/Saudit/saudit/core/scans/localhost_20260426_012325/output.json
2026-04-26 01:28:28,922 [INFO] saudit.modules.jsfuzzer base.py:1611 JS files preserved for review at /Users/matias/Proyectos/Saudit/saudit/core/scans/localhost_20260426_012325/js_analysis
